--- Go Fish Debug Log ---
Started: 2026-01-11T18:59:21.961Z

[2026-01-11T18:59:21.978Z] initGame started
[2026-01-11T18:59:21.978Z] Creating GoFishGame...
[2026-01-11T18:59:21.978Z] GoFishGame constructor started
[2026-01-11T18:59:21.978Z] Creating Contract instance...
[2026-01-11T18:59:21.978Z] Contract instance created
[2026-01-11T18:59:21.979Z] Calling initialState...
[2026-01-11T18:59:22.299Z] initialState returned
  Data: {
    "hasPrivateState": true,
    "hasContractState": true,
    "hasZswapLocalState": true,
    "contractStateKeys": [
      "__wbg_ptr"
    ]
  }
[2026-01-11T18:59:22.299Z] Contract state data check
  Data: {
    "hasData": true,
    "dataType": "object",
    "dataKeys": [
      "__wbg_ptr"
    ]
  }
[2026-01-11T18:59:22.300Z] Circuit context created successfully
[2026-01-11T18:59:22.300Z] Testing ledger access...
[2026-01-11T18:59:22.300Z] Query context state
  Data: {
    "hasState": true,
    "stateType": "object",
    "stateKeys": [
      "__wbg_ptr"
    ]
  }
[2026-01-11T18:59:22.300Z] Ledger access successful
  Data: {
    "ledgerKeys": []
  }
[2026-01-11T18:59:22.300Z] GoFishGame constructor completed
[2026-01-11T18:59:22.300Z] GoFishGame created successfully
[2026-01-11T18:59:22.301Z] Initial contract phase
  Data: {
    "phase": 0
  }
[2026-01-11T18:59:22.301Z] Starting Phase 1: Shuffling
[2026-01-11T18:59:22.301Z] Applying mask for player 1...
[2026-01-11T18:59:22.473Z] Player 1 mask applied
[2026-01-11T18:59:22.474Z] Applying mask for player 2...
[2026-01-11T18:59:22.657Z] Player 2 mask applied
[2026-01-11T18:59:22.658Z] Starting Phase 2: Dealing
[2026-01-11T18:59:22.659Z] Drawing card 1 for player 1...
[2026-01-11T18:59:22.659Z] Drawing card for player 1 during setup (using dealCard)
[2026-01-11T18:59:22.670Z] Player 1 drew card: 2
[2026-01-11T18:59:22.671Z] Drawing card 1 for player 2...
[2026-01-11T18:59:22.671Z] Drawing card for player 2 during setup (using dealCard)
[2026-01-11T18:59:22.681Z] Player 2 drew card: 5
[2026-01-11T18:59:22.681Z] Drawing card 2 for player 1...
[2026-01-11T18:59:22.681Z] Drawing card for player 1 during setup (using dealCard)
[2026-01-11T18:59:22.691Z] Player 1 drew card: 21
[2026-01-11T18:59:22.691Z] Drawing card 2 for player 2...
[2026-01-11T18:59:22.691Z] Drawing card for player 2 during setup (using dealCard)
[2026-01-11T18:59:22.702Z] Player 2 drew card: 50
[2026-01-11T18:59:22.703Z] Drawing card 3 for player 1...
[2026-01-11T18:59:22.703Z] Drawing card for player 1 during setup (using dealCard)
[2026-01-11T18:59:22.714Z] Player 1 drew card: 1
[2026-01-11T18:59:22.714Z] Drawing card 3 for player 2...
[2026-01-11T18:59:22.714Z] Drawing card for player 2 during setup (using dealCard)
[2026-01-11T18:59:22.726Z] Player 2 drew card: 20
[2026-01-11T18:59:22.726Z] Drawing card 4 for player 1...
[2026-01-11T18:59:22.726Z] Drawing card for player 1 during setup (using dealCard)
[2026-01-11T18:59:22.739Z] Player 1 drew card: 0
[2026-01-11T18:59:22.739Z] Drawing card 4 for player 2...
[2026-01-11T18:59:22.739Z] Drawing card for player 2 during setup (using dealCard)
[2026-01-11T18:59:22.751Z] Player 2 drew card: 32
[2026-01-11T18:59:22.751Z] Drawing card 5 for player 1...
[2026-01-11T18:59:22.751Z] Drawing card for player 1 during setup (using dealCard)
[2026-01-11T18:59:22.764Z] Player 1 drew card: 27
[2026-01-11T18:59:22.764Z] Drawing card 5 for player 2...
[2026-01-11T18:59:22.764Z] Drawing card for player 2 during setup (using dealCard)
[2026-01-11T18:59:22.777Z] Player 2 drew card: 19
[2026-01-11T18:59:22.777Z] Drawing card 6 for player 1...
[2026-01-11T18:59:22.777Z] Drawing card for player 1 during setup (using dealCard)
[2026-01-11T18:59:22.790Z] Player 1 drew card: 26
[2026-01-11T18:59:22.790Z] Drawing card 6 for player 2...
[2026-01-11T18:59:22.790Z] Drawing card for player 2 during setup (using dealCard)
[2026-01-11T18:59:22.803Z] Player 2 drew card: 33
[2026-01-11T18:59:22.803Z] Drawing card 7 for player 1...
[2026-01-11T18:59:22.803Z] Drawing card for player 1 during setup (using dealCard)
[2026-01-11T18:59:22.816Z] Player 1 drew card: 34
[2026-01-11T18:59:22.816Z] Drawing card 7 for player 2...
[2026-01-11T18:59:22.816Z] Drawing card for player 2 during setup (using dealCard)
[2026-01-11T18:59:22.828Z] Player 2 drew card: 35
[2026-01-11T18:59:22.828Z] Dealing complete
  Data: {
    "p1Hand": [
      "2",
      "21",
      "1",
      "0",
      "27",
      "26",
      "34"
    ],
    "p2Hand": [
      "5",
      "50",
      "20",
      "32",
      "19",
      "33",
      "35"
    ]
  }
[2026-01-11T18:59:22.828Z] Calling startGame() to transition contract to TurnStart phase
[2026-01-11T18:59:22.828Z] Calling contract startGame()
[2026-01-11T18:59:22.832Z] startGame completed
[2026-01-11T18:59:22.832Z] Contract phase after startGame
  Data: {
    "phase": 1
  }
[2026-01-11T18:59:22.832Z] Initial books checked
  Data: {
    "p1Books": [],
    "p2Books": []
  }
[2026-01-11T18:59:22.836Z] getDeckRemaining called
[2026-01-11T18:59:22.837Z] get_deck_size result
  Data: {
    "hasResult": true,
    "result": "52"
  }
[2026-01-11T18:59:22.838Z] get_top_card_index result
  Data: {
    "hasResult": true,
    "result": "14"
  }
[2026-01-11T18:59:22.838Z] Deck remaining
  Data: {
    "size": 52,
    "index": 14,
    "remaining": 38
  }
[2026-01-11T18:59:22.842Z] Game initialization complete
[2026-01-11T18:59:23.049Z] prepareTurn: contract says it is player 1's turn
[2026-01-11T18:59:23.049Z] getDeckRemaining called
[2026-01-11T18:59:23.050Z] get_deck_size result
  Data: {
    "hasResult": true,
    "result": "52"
  }
[2026-01-11T18:59:23.051Z] get_top_card_index result
  Data: {
    "hasResult": true,
    "result": "14"
  }
[2026-01-11T18:59:23.051Z] Deck remaining
  Data: {
    "size": 52,
    "index": 14,
    "remaining": 38
  }
[2026-01-11T18:59:23.054Z] getDeckRemaining called
[2026-01-11T18:59:23.055Z] get_deck_size result
  Data: {
    "hasResult": true,
    "result": "52"
  }
[2026-01-11T18:59:23.056Z] get_top_card_index result
  Data: {
    "hasResult": true,
    "result": "14"
  }
[2026-01-11T18:59:23.056Z] Deck remaining
  Data: {
    "size": 52,
    "index": 14,
    "remaining": 38
  }
[2026-01-11T18:59:23.056Z] getDeckRemaining called
[2026-01-11T18:59:23.057Z] get_deck_size result
  Data: {
    "hasResult": true,
    "result": "52"
  }
[2026-01-11T18:59:23.058Z] get_top_card_index result
  Data: {
    "hasResult": true,
    "result": "14"
  }
[2026-01-11T18:59:23.058Z] Deck remaining
  Data: {
    "size": 52,
    "index": 14,
    "remaining": 38
  }
[2026-01-11T18:59:23.060Z] getDeckRemaining called
[2026-01-11T18:59:23.060Z] get_deck_size result
  Data: {
    "hasResult": true,
    "result": "52"
  }
[2026-01-11T18:59:23.061Z] get_top_card_index result
  Data: {
    "hasResult": true,
    "result": "14"
  }
[2026-01-11T18:59:23.061Z] Deck remaining
  Data: {
    "size": 52,
    "index": 14,
    "remaining": 38
  }
[2026-01-11T18:59:24.114Z] getDeckRemaining called
[2026-01-11T18:59:24.118Z] get_deck_size result
  Data: {
    "hasResult": true,
    "result": "52"
  }
[2026-01-11T18:59:24.120Z] get_top_card_index result
  Data: {
    "hasResult": true,
    "result": "14"
  }
[2026-01-11T18:59:24.120Z] Deck remaining
  Data: {
    "size": 52,
    "index": 14,
    "remaining": 38
  }
[2026-01-11T18:59:26.238Z] handleAskForCards: contract turn
  Data: {
    "contractTurn": 1,
    "uiTurn": 1
  }
[2026-01-11T18:59:26.256Z] getDeckRemaining called
[2026-01-11T18:59:26.257Z] get_deck_size result
  Data: {
    "hasResult": true,
    "result": "52"
  }
[2026-01-11T18:59:26.258Z] get_top_card_index result
  Data: {
    "hasResult": true,
    "result": "14"
  }
[2026-01-11T18:59:26.258Z] Deck remaining
  Data: {
    "size": 52,
    "index": 14,
    "remaining": 38
  }
[2026-01-11T18:59:26.466Z] prepareTurn: contract says it is player 1's turn
[2026-01-11T18:59:26.469Z] getDeckRemaining called
[2026-01-11T18:59:26.471Z] get_deck_size result
  Data: {
    "hasResult": true,
    "result": "52"
  }
[2026-01-11T18:59:26.473Z] get_top_card_index result
  Data: {
    "hasResult": true,
    "result": "14"
  }
[2026-01-11T18:59:26.473Z] Deck remaining
  Data: {
    "size": 52,
    "index": 14,
    "remaining": 38
  }
[2026-01-11T18:59:26.476Z] getDeckRemaining called
[2026-01-11T18:59:26.477Z] get_deck_size result
  Data: {
    "hasResult": true,
    "result": "52"
  }
[2026-01-11T18:59:26.479Z] get_top_card_index result
  Data: {
    "hasResult": true,
    "result": "14"
  }
[2026-01-11T18:59:26.479Z] Deck remaining
  Data: {
    "size": 52,
    "index": 14,
    "remaining": 38
  }
[2026-01-11T18:59:26.479Z] getDeckRemaining called
[2026-01-11T18:59:26.480Z] get_deck_size result
  Data: {
    "hasResult": true,
    "result": "52"
  }
[2026-01-11T18:59:26.482Z] get_top_card_index result
  Data: {
    "hasResult": true,
    "result": "14"
  }
[2026-01-11T18:59:26.482Z] Deck remaining
  Data: {
    "size": 52,
    "index": 14,
    "remaining": 38
  }
[2026-01-11T18:59:26.483Z] getDeckRemaining called
[2026-01-11T18:59:26.484Z] get_deck_size result
  Data: {
    "hasResult": true,
    "result": "52"
  }
[2026-01-11T18:59:26.485Z] get_top_card_index result
  Data: {
    "hasResult": true,
    "result": "14"
  }
[2026-01-11T18:59:26.485Z] Deck remaining
  Data: {
    "size": 52,
    "index": 14,
    "remaining": 38
  }
[2026-01-11T18:59:27.258Z] getDeckRemaining called
[2026-01-11T18:59:27.260Z] get_deck_size result
  Data: {
    "hasResult": true,
    "result": "52"
  }
[2026-01-11T18:59:27.262Z] get_top_card_index result
  Data: {
    "hasResult": true,
    "result": "14"
  }
[2026-01-11T18:59:27.262Z] Deck remaining
  Data: {
    "size": 52,
    "index": 14,
    "remaining": 38
  }
[2026-01-11T18:59:27.262Z] getDeckRemaining called
[2026-01-11T18:59:27.264Z] get_deck_size result
  Data: {
    "hasResult": true,
    "result": "52"
  }
[2026-01-11T18:59:27.265Z] get_top_card_index result
  Data: {
    "hasResult": true,
    "result": "14"
  }
[2026-01-11T18:59:27.265Z] Deck remaining
  Data: {
    "size": 52,
    "index": 14,
    "remaining": 38
  }
[2026-01-11T18:59:27.271Z] Player 1 going fishing (contract goFish circuit)
[2026-01-11T18:59:27.293Z] Calling afterGoFish with drewRequestedCard=false
[2026-01-11T18:59:27.302Z] getDeckRemaining called
[2026-01-11T18:59:27.303Z] get_deck_size result
  Data: {
    "hasResult": true,
    "result": "52"
  }
[2026-01-11T18:59:27.304Z] get_top_card_index result
  Data: {
    "hasResult": true,
    "result": "15"
  }
[2026-01-11T18:59:27.304Z] Deck remaining
  Data: {
    "size": 52,
    "index": 15,
    "remaining": 37
  }
[2026-01-11T18:59:27.307Z] getDeckRemaining called
[2026-01-11T18:59:27.308Z] get_deck_size result
  Data: {
    "hasResult": true,
    "result": "52"
  }
[2026-01-11T18:59:27.309Z] get_top_card_index result
  Data: {
    "hasResult": true,
    "result": "15"
  }
[2026-01-11T18:59:27.309Z] Deck remaining
  Data: {
    "size": 52,
    "index": 15,
    "remaining": 37
  }
[2026-01-11T18:59:27.513Z] prepareTurn: contract says it is player 2's turn
[2026-01-11T18:59:27.514Z] getDeckRemaining called
[2026-01-11T18:59:27.515Z] get_deck_size result
  Data: {
    "hasResult": true,
    "result": "52"
  }
[2026-01-11T18:59:27.517Z] get_top_card_index result
  Data: {
    "hasResult": true,
    "result": "15"
  }
[2026-01-11T18:59:27.517Z] Deck remaining
  Data: {
    "size": 52,
    "index": 15,
    "remaining": 37
  }
[2026-01-11T18:59:27.519Z] getDeckRemaining called
[2026-01-11T18:59:27.520Z] get_deck_size result
  Data: {
    "hasResult": true,
    "result": "52"
  }
[2026-01-11T18:59:27.521Z] get_top_card_index result
  Data: {
    "hasResult": true,
    "result": "15"
  }
[2026-01-11T18:59:27.521Z] Deck remaining
  Data: {
    "size": 52,
    "index": 15,
    "remaining": 37
  }
[2026-01-11T18:59:27.521Z] getDeckRemaining called
[2026-01-11T18:59:27.522Z] get_deck_size result
  Data: {
    "hasResult": true,
    "result": "52"
  }
[2026-01-11T18:59:27.523Z] get_top_card_index result
  Data: {
    "hasResult": true,
    "result": "15"
  }
[2026-01-11T18:59:27.523Z] Deck remaining
  Data: {
    "size": 52,
    "index": 15,
    "remaining": 37
  }
[2026-01-11T18:59:27.524Z] getDeckRemaining called
[2026-01-11T18:59:27.525Z] get_deck_size result
  Data: {
    "hasResult": true,
    "result": "52"
  }
[2026-01-11T18:59:27.526Z] get_top_card_index result
  Data: {
    "hasResult": true,
    "result": "15"
  }
[2026-01-11T18:59:27.526Z] Deck remaining
  Data: {
    "size": 52,
    "index": 15,
    "remaining": 37
  }
[2026-01-11T18:59:28.031Z] getDeckRemaining called
[2026-01-11T18:59:28.032Z] get_deck_size result
  Data: {
    "hasResult": true,
    "result": "52"
  }
[2026-01-11T18:59:28.033Z] get_top_card_index result
  Data: {
    "hasResult": true,
    "result": "15"
  }
[2026-01-11T18:59:28.033Z] Deck remaining
  Data: {
    "size": 52,
    "index": 15,
    "remaining": 37
  }
[2026-01-11T18:59:30.458Z] handleAskForCards: contract turn
  Data: {
    "contractTurn": 2,
    "uiTurn": 2
  }
[2026-01-11T18:59:30.480Z] getDeckRemaining called
[2026-01-11T18:59:30.481Z] get_deck_size result
  Data: {
    "hasResult": true,
    "result": "52"
  }
[2026-01-11T18:59:30.482Z] get_top_card_index result
  Data: {
    "hasResult": true,
    "result": "15"
  }
[2026-01-11T18:59:30.482Z] Deck remaining
  Data: {
    "size": 52,
    "index": 15,
    "remaining": 37
  }
[2026-01-11T18:59:30.692Z] prepareTurn: contract says it is player 2's turn
[2026-01-11T18:59:30.694Z] getDeckRemaining called
[2026-01-11T18:59:30.696Z] get_deck_size result
  Data: {
    "hasResult": true,
    "result": "52"
  }
[2026-01-11T18:59:30.698Z] get_top_card_index result
  Data: {
    "hasResult": true,
    "result": "15"
  }
[2026-01-11T18:59:30.698Z] Deck remaining
  Data: {
    "size": 52,
    "index": 15,
    "remaining": 37
  }
[2026-01-11T18:59:30.701Z] getDeckRemaining called
[2026-01-11T18:59:30.703Z] get_deck_size result
  Data: {
    "hasResult": true,
    "result": "52"
  }
[2026-01-11T18:59:30.705Z] get_top_card_index result
  Data: {
    "hasResult": true,
    "result": "15"
  }
[2026-01-11T18:59:30.705Z] Deck remaining
  Data: {
    "size": 52,
    "index": 15,
    "remaining": 37
  }
[2026-01-11T18:59:30.705Z] getDeckRemaining called
[2026-01-11T18:59:30.706Z] get_deck_size result
  Data: {
    "hasResult": true,
    "result": "52"
  }
[2026-01-11T18:59:30.708Z] get_top_card_index result
  Data: {
    "hasResult": true,
    "result": "15"
  }
[2026-01-11T18:59:30.708Z] Deck remaining
  Data: {
    "size": 52,
    "index": 15,
    "remaining": 37
  }
[2026-01-11T18:59:30.709Z] getDeckRemaining called
[2026-01-11T18:59:30.710Z] get_deck_size result
  Data: {
    "hasResult": true,
    "result": "52"
  }
[2026-01-11T18:59:30.711Z] get_top_card_index result
  Data: {
    "hasResult": true,
    "result": "15"
  }
[2026-01-11T18:59:30.711Z] Deck remaining
  Data: {
    "size": 52,
    "index": 15,
    "remaining": 37
  }
[2026-01-11T18:59:31.387Z] getDeckRemaining called
[2026-01-11T18:59:31.389Z] get_deck_size result
  Data: {
    "hasResult": true,
    "result": "52"
  }
[2026-01-11T18:59:31.391Z] get_top_card_index result
  Data: {
    "hasResult": true,
    "result": "15"
  }
[2026-01-11T18:59:31.391Z] Deck remaining
  Data: {
    "size": 52,
    "index": 15,
    "remaining": 37
  }
[2026-01-11T18:59:31.481Z] getDeckRemaining called
[2026-01-11T18:59:31.485Z] get_deck_size result
  Data: {
    "hasResult": true,
    "result": "52"
  }
[2026-01-11T18:59:31.487Z] get_top_card_index result
  Data: {
    "hasResult": true,
    "result": "15"
  }
[2026-01-11T18:59:31.487Z] Deck remaining
  Data: {
    "size": 52,
    "index": 15,
    "remaining": 37
  }
[2026-01-11T18:59:31.487Z] getDeckRemaining called
[2026-01-11T18:59:31.489Z] get_deck_size result
  Data: {
    "hasResult": true,
    "result": "52"
  }
[2026-01-11T18:59:31.490Z] get_top_card_index result
  Data: {
    "hasResult": true,
    "result": "15"
  }
[2026-01-11T18:59:31.490Z] Deck remaining
  Data: {
    "size": 52,
    "index": 15,
    "remaining": 37
  }
[2026-01-11T18:59:31.495Z] Player 2 going fishing (contract goFish circuit)
[2026-01-11T18:59:31.517Z] Calling afterGoFish with drewRequestedCard=false
[2026-01-11T18:59:31.526Z] getDeckRemaining called
[2026-01-11T18:59:31.527Z] get_deck_size result
  Data: {
    "hasResult": true,
    "result": "52"
  }
[2026-01-11T18:59:31.528Z] get_top_card_index result
  Data: {
    "hasResult": true,
    "result": "16"
  }
[2026-01-11T18:59:31.528Z] Deck remaining
  Data: {
    "size": 52,
    "index": 16,
    "remaining": 36
  }
[2026-01-11T18:59:31.530Z] getDeckRemaining called
[2026-01-11T18:59:31.531Z] get_deck_size result
  Data: {
    "hasResult": true,
    "result": "52"
  }
[2026-01-11T18:59:31.531Z] get_top_card_index result
  Data: {
    "hasResult": true,
    "result": "16"
  }
[2026-01-11T18:59:31.531Z] Deck remaining
  Data: {
    "size": 52,
    "index": 16,
    "remaining": 36
  }
[2026-01-11T18:59:31.736Z] prepareTurn: contract says it is player 1's turn
[2026-01-11T18:59:31.736Z] getDeckRemaining called
[2026-01-11T18:59:31.738Z] get_deck_size result
  Data: {
    "hasResult": true,
    "result": "52"
  }
[2026-01-11T18:59:31.739Z] get_top_card_index result
  Data: {
    "hasResult": true,
    "result": "16"
  }
[2026-01-11T18:59:31.739Z] Deck remaining
  Data: {
    "size": 52,
    "index": 16,
    "remaining": 36
  }
[2026-01-11T18:59:31.741Z] getDeckRemaining called
[2026-01-11T18:59:31.742Z] get_deck_size result
  Data: {
    "hasResult": true,
    "result": "52"
  }
[2026-01-11T18:59:31.743Z] get_top_card_index result
  Data: {
    "hasResult": true,
    "result": "16"
  }
[2026-01-11T18:59:31.744Z] Deck remaining
  Data: {
    "size": 52,
    "index": 16,
    "remaining": 36
  }
[2026-01-11T18:59:31.744Z] getDeckRemaining called
[2026-01-11T18:59:31.745Z] get_deck_size result
  Data: {
    "hasResult": true,
    "result": "52"
  }
[2026-01-11T18:59:31.746Z] get_top_card_index result
  Data: {
    "hasResult": true,
    "result": "16"
  }
[2026-01-11T18:59:31.746Z] Deck remaining
  Data: {
    "size": 52,
    "index": 16,
    "remaining": 36
  }
[2026-01-11T18:59:31.747Z] getDeckRemaining called
[2026-01-11T18:59:31.748Z] get_deck_size result
  Data: {
    "hasResult": true,
    "result": "52"
  }
[2026-01-11T18:59:31.749Z] get_top_card_index result
  Data: {
    "hasResult": true,
    "result": "16"
  }
[2026-01-11T18:59:31.749Z] Deck remaining
  Data: {
    "size": 52,
    "index": 16,
    "remaining": 36
  }
[2026-01-11T18:59:32.197Z] getDeckRemaining called
[2026-01-11T18:59:32.199Z] get_deck_size result
  Data: {
    "hasResult": true,
    "result": "52"
  }
[2026-01-11T18:59:32.200Z] get_top_card_index result
  Data: {
    "hasResult": true,
    "result": "16"
  }
[2026-01-11T18:59:32.200Z] Deck remaining
  Data: {
    "size": 52,
    "index": 16,
    "remaining": 36
  }
[2026-01-11T18:59:38.410Z] handleAskForCards: contract turn
  Data: {
    "contractTurn": 1,
    "uiTurn": 1
  }
[2026-01-11T18:59:38.432Z] getDeckRemaining called
[2026-01-11T18:59:38.433Z] get_deck_size result
  Data: {
    "hasResult": true,
    "result": "52"
  }
[2026-01-11T18:59:38.434Z] get_top_card_index result
  Data: {
    "hasResult": true,
    "result": "16"
  }
[2026-01-11T18:59:38.434Z] Deck remaining
  Data: {
    "size": 52,
    "index": 16,
    "remaining": 36
  }
[2026-01-11T18:59:38.641Z] prepareTurn: contract says it is player 1's turn
[2026-01-11T18:59:38.642Z] getDeckRemaining called
[2026-01-11T18:59:38.644Z] get_deck_size result
  Data: {
    "hasResult": true,
    "result": "52"
  }
[2026-01-11T18:59:38.646Z] get_top_card_index result
  Data: {
    "hasResult": true,
    "result": "16"
  }
[2026-01-11T18:59:38.646Z] Deck remaining
  Data: {
    "size": 52,
    "index": 16,
    "remaining": 36
  }
[2026-01-11T18:59:38.648Z] getDeckRemaining called
[2026-01-11T18:59:38.650Z] get_deck_size result
  Data: {
    "hasResult": true,
    "result": "52"
  }
[2026-01-11T18:59:38.651Z] get_top_card_index result
  Data: {
    "hasResult": true,
    "result": "16"
  }
[2026-01-11T18:59:38.651Z] Deck remaining
  Data: {
    "size": 52,
    "index": 16,
    "remaining": 36
  }
[2026-01-11T18:59:38.651Z] getDeckRemaining called
[2026-01-11T18:59:38.653Z] get_deck_size result
  Data: {
    "hasResult": true,
    "result": "52"
  }
[2026-01-11T18:59:38.654Z] get_top_card_index result
  Data: {
    "hasResult": true,
    "result": "16"
  }
[2026-01-11T18:59:38.654Z] Deck remaining
  Data: {
    "size": 52,
    "index": 16,
    "remaining": 36
  }
[2026-01-11T18:59:38.655Z] getDeckRemaining called
[2026-01-11T18:59:38.656Z] get_deck_size result
  Data: {
    "hasResult": true,
    "result": "52"
  }
[2026-01-11T18:59:38.657Z] get_top_card_index result
  Data: {
    "hasResult": true,
    "result": "16"
  }
[2026-01-11T18:59:38.657Z] Deck remaining
  Data: {
    "size": 52,
    "index": 16,
    "remaining": 36
  }
[2026-01-11T18:59:39.113Z] getDeckRemaining called
[2026-01-11T18:59:39.115Z] get_deck_size result
  Data: {
    "hasResult": true,
    "result": "52"
  }
[2026-01-11T18:59:39.116Z] get_top_card_index result
  Data: {
    "hasResult": true,
    "result": "16"
  }
[2026-01-11T18:59:39.116Z] Deck remaining
  Data: {
    "size": 52,
    "index": 16,
    "remaining": 36
  }
[2026-01-11T18:59:39.286Z] getDeckRemaining called
[2026-01-11T18:59:39.289Z] get_deck_size result
  Data: {
    "hasResult": true,
    "result": "52"
  }
[2026-01-11T18:59:39.291Z] get_top_card_index result
  Data: {
    "hasResult": true,
    "result": "16"
  }
[2026-01-11T18:59:39.291Z] Deck remaining
  Data: {
    "size": 52,
    "index": 16,
    "remaining": 36
  }
[2026-01-11T18:59:39.432Z] getDeckRemaining called
[2026-01-11T18:59:39.438Z] get_deck_size result
  Data: {
    "hasResult": true,
    "result": "52"
  }
[2026-01-11T18:59:39.441Z] get_top_card_index result
  Data: {
    "hasResult": true,
    "result": "16"
  }
[2026-01-11T18:59:39.441Z] Deck remaining
  Data: {
    "size": 52,
    "index": 16,
    "remaining": 36
  }
[2026-01-11T18:59:39.441Z] getDeckRemaining called
[2026-01-11T18:59:39.443Z] get_deck_size result
  Data: {
    "hasResult": true,
    "result": "52"
  }
[2026-01-11T18:59:39.444Z] get_top_card_index result
  Data: {
    "hasResult": true,
    "result": "16"
  }
[2026-01-11T18:59:39.444Z] Deck remaining
  Data: {
    "size": 52,
    "index": 16,
    "remaining": 36
  }
[2026-01-11T18:59:39.450Z] Player 1 going fishing (contract goFish circuit)
[2026-01-11T18:59:39.472Z] Calling afterGoFish with drewRequestedCard=false
[2026-01-11T18:59:39.481Z] getDeckRemaining called
[2026-01-11T18:59:39.481Z] get_deck_size result
  Data: {
    "hasResult": true,
    "result": "52"
  }
[2026-01-11T18:59:39.482Z] get_top_card_index result
  Data: {
    "hasResult": true,
    "result": "17"
  }
[2026-01-11T18:59:39.482Z] Deck remaining
  Data: {
    "size": 52,
    "index": 17,
    "remaining": 35
  }
[2026-01-11T18:59:39.484Z] getDeckRemaining called
[2026-01-11T18:59:39.485Z] get_deck_size result
  Data: {
    "hasResult": true,
    "result": "52"
  }
[2026-01-11T18:59:39.486Z] get_top_card_index result
  Data: {
    "hasResult": true,
    "result": "17"
  }
[2026-01-11T18:59:39.486Z] Deck remaining
  Data: {
    "size": 52,
    "index": 17,
    "remaining": 35
  }
[2026-01-11T18:59:39.691Z] prepareTurn: contract says it is player 2's turn
[2026-01-11T18:59:39.691Z] getDeckRemaining called
[2026-01-11T18:59:39.693Z] get_deck_size result
  Data: {
    "hasResult": true,
    "result": "52"
  }
[2026-01-11T18:59:39.694Z] get_top_card_index result
  Data: {
    "hasResult": true,
    "result": "17"
  }
[2026-01-11T18:59:39.694Z] Deck remaining
  Data: {
    "size": 52,
    "index": 17,
    "remaining": 35
  }
[2026-01-11T18:59:39.696Z] getDeckRemaining called
[2026-01-11T18:59:39.698Z] get_deck_size result
  Data: {
    "hasResult": true,
    "result": "52"
  }
[2026-01-11T18:59:39.699Z] get_top_card_index result
  Data: {
    "hasResult": true,
    "result": "17"
  }
[2026-01-11T18:59:39.699Z] Deck remaining
  Data: {
    "size": 52,
    "index": 17,
    "remaining": 35
  }
[2026-01-11T18:59:39.700Z] getDeckRemaining called
[2026-01-11T18:59:39.701Z] get_deck_size result
  Data: {
    "hasResult": true,
    "result": "52"
  }
[2026-01-11T18:59:39.702Z] get_top_card_index result
  Data: {
    "hasResult": true,
    "result": "17"
  }
[2026-01-11T18:59:39.702Z] Deck remaining
  Data: {
    "size": 52,
    "index": 17,
    "remaining": 35
  }
[2026-01-11T18:59:39.703Z] getDeckRemaining called
[2026-01-11T18:59:39.704Z] get_deck_size result
  Data: {
    "hasResult": true,
    "result": "52"
  }
[2026-01-11T18:59:39.705Z] get_top_card_index result
  Data: {
    "hasResult": true,
    "result": "17"
  }
[2026-01-11T18:59:39.705Z] Deck remaining
  Data: {
    "size": 52,
    "index": 17,
    "remaining": 35
  }
[2026-01-11T18:59:40.012Z] getDeckRemaining called
[2026-01-11T18:59:40.015Z] get_deck_size result
  Data: {
    "hasResult": true,
    "result": "52"
  }
[2026-01-11T18:59:40.017Z] get_top_card_index result
  Data: {
    "hasResult": true,
    "result": "17"
  }
[2026-01-11T18:59:40.017Z] Deck remaining
  Data: {
    "size": 52,
    "index": 17,
    "remaining": 35
  }
[2026-01-11T18:59:41.322Z] handleAskForCards: contract turn
  Data: {
    "contractTurn": 2,
    "uiTurn": 2
  }
[2026-01-11T18:59:41.339Z] getDeckRemaining called
[2026-01-11T18:59:41.340Z] get_deck_size result
  Data: {
    "hasResult": true,
    "result": "52"
  }
[2026-01-11T18:59:41.340Z] get_top_card_index result
  Data: {
    "hasResult": true,
    "result": "17"
  }
[2026-01-11T18:59:41.340Z] Deck remaining
  Data: {
    "size": 52,
    "index": 17,
    "remaining": 35
  }
[2026-01-11T18:59:41.545Z] prepareTurn: contract says it is player 2's turn
[2026-01-11T18:59:41.546Z] getDeckRemaining called
[2026-01-11T18:59:41.547Z] get_deck_size result
  Data: {
    "hasResult": true,
    "result": "52"
  }
[2026-01-11T18:59:41.548Z] get_top_card_index result
  Data: {
    "hasResult": true,
    "result": "17"
  }
[2026-01-11T18:59:41.548Z] Deck remaining
  Data: {
    "size": 52,
    "index": 17,
    "remaining": 35
  }
[2026-01-11T18:59:41.549Z] getDeckRemaining called
[2026-01-11T18:59:41.550Z] get_deck_size result
  Data: {
    "hasResult": true,
    "result": "52"
  }
[2026-01-11T18:59:41.551Z] get_top_card_index result
  Data: {
    "hasResult": true,
    "result": "17"
  }
[2026-01-11T18:59:41.551Z] Deck remaining
  Data: {
    "size": 52,
    "index": 17,
    "remaining": 35
  }
[2026-01-11T18:59:41.551Z] getDeckRemaining called
[2026-01-11T18:59:41.552Z] get_deck_size result
  Data: {
    "hasResult": true,
    "result": "52"
  }
[2026-01-11T18:59:41.552Z] get_top_card_index result
  Data: {
    "hasResult": true,
    "result": "17"
  }
[2026-01-11T18:59:41.552Z] Deck remaining
  Data: {
    "size": 52,
    "index": 17,
    "remaining": 35
  }
[2026-01-11T18:59:41.553Z] getDeckRemaining called
[2026-01-11T18:59:41.554Z] get_deck_size result
  Data: {
    "hasResult": true,
    "result": "52"
  }
[2026-01-11T18:59:41.554Z] get_top_card_index result
  Data: {
    "hasResult": true,
    "result": "17"
  }
[2026-01-11T18:59:41.554Z] Deck remaining
  Data: {
    "size": 52,
    "index": 17,
    "remaining": 35
  }
[2026-01-11T18:59:41.977Z] getDeckRemaining called
[2026-01-11T18:59:41.979Z] get_deck_size result
  Data: {
    "hasResult": true,
    "result": "52"
  }
[2026-01-11T18:59:41.981Z] get_top_card_index result
  Data: {
    "hasResult": true,
    "result": "17"
  }
[2026-01-11T18:59:41.981Z] Deck remaining
  Data: {
    "size": 52,
    "index": 17,
    "remaining": 35
  }
[2026-01-11T18:59:42.340Z] getDeckRemaining called
[2026-01-11T18:59:42.343Z] get_deck_size result
  Data: {
    "hasResult": true,
    "result": "52"
  }
[2026-01-11T18:59:42.345Z] get_top_card_index result
  Data: {
    "hasResult": true,
    "result": "17"
  }
[2026-01-11T18:59:42.346Z] Deck remaining
  Data: {
    "size": 52,
    "index": 17,
    "remaining": 35
  }
[2026-01-11T18:59:42.346Z] getDeckRemaining called
[2026-01-11T18:59:42.348Z] get_deck_size result
  Data: {
    "hasResult": true,
    "result": "52"
  }
[2026-01-11T18:59:42.350Z] get_top_card_index result
  Data: {
    "hasResult": true,
    "result": "17"
  }
[2026-01-11T18:59:42.351Z] Deck remaining
  Data: {
    "size": 52,
    "index": 17,
    "remaining": 35
  }
[2026-01-11T18:59:42.355Z] Player 2 going fishing (contract goFish circuit)
[2026-01-11T18:59:42.379Z] Calling afterGoFish with drewRequestedCard=true
[2026-01-11T18:59:42.386Z] getDeckRemaining called
[2026-01-11T18:59:42.387Z] get_deck_size result
  Data: {
    "hasResult": true,
    "result": "52"
  }
[2026-01-11T18:59:42.388Z] get_top_card_index result
  Data: {
    "hasResult": true,
    "result": "18"
  }
[2026-01-11T18:59:42.388Z] Deck remaining
  Data: {
    "size": 52,
    "index": 18,
    "remaining": 34
  }
[2026-01-11T18:59:42.389Z] getDeckRemaining called
[2026-01-11T18:59:42.390Z] get_deck_size result
  Data: {
    "hasResult": true,
    "result": "52"
  }
[2026-01-11T18:59:42.391Z] get_top_card_index result
  Data: {
    "hasResult": true,
    "result": "18"
  }
[2026-01-11T18:59:42.391Z] Deck remaining
  Data: {
    "size": 52,
    "index": 18,
    "remaining": 34
  }
[2026-01-11T18:59:42.597Z] prepareTurn: contract says it is player 2's turn
[2026-01-11T18:59:42.597Z] getDeckRemaining called
[2026-01-11T18:59:42.599Z] get_deck_size result
  Data: {
    "hasResult": true,
    "result": "52"
  }
[2026-01-11T18:59:42.600Z] get_top_card_index result
  Data: {
    "hasResult": true,
    "result": "18"
  }
[2026-01-11T18:59:42.600Z] Deck remaining
  Data: {
    "size": 52,
    "index": 18,
    "remaining": 34
  }
[2026-01-11T18:59:42.603Z] getDeckRemaining called
[2026-01-11T18:59:42.604Z] get_deck_size result
  Data: {
    "hasResult": true,
    "result": "52"
  }
[2026-01-11T18:59:42.605Z] get_top_card_index result
  Data: {
    "hasResult": true,
    "result": "18"
  }
[2026-01-11T18:59:42.605Z] Deck remaining
  Data: {
    "size": 52,
    "index": 18,
    "remaining": 34
  }
[2026-01-11T18:59:42.605Z] getDeckRemaining called
[2026-01-11T18:59:42.607Z] get_deck_size result
  Data: {
    "hasResult": true,
    "result": "52"
  }
[2026-01-11T18:59:42.608Z] get_top_card_index result
  Data: {
    "hasResult": true,
    "result": "18"
  }
[2026-01-11T18:59:42.608Z] Deck remaining
  Data: {
    "size": 52,
    "index": 18,
    "remaining": 34
  }
[2026-01-11T18:59:42.609Z] getDeckRemaining called
[2026-01-11T18:59:42.610Z] get_deck_size result
  Data: {
    "hasResult": true,
    "result": "52"
  }
[2026-01-11T18:59:42.611Z] get_top_card_index result
  Data: {
    "hasResult": true,
    "result": "18"
  }
[2026-01-11T18:59:42.611Z] Deck remaining
  Data: {
    "size": 52,
    "index": 18,
    "remaining": 34
  }
[2026-01-11T18:59:42.736Z] getDeckRemaining called
[2026-01-11T18:59:42.738Z] get_deck_size result
  Data: {
    "hasResult": true,
    "result": "52"
  }
[2026-01-11T18:59:42.739Z] get_top_card_index result
  Data: {
    "hasResult": true,
    "result": "18"
  }
[2026-01-11T18:59:42.739Z] Deck remaining
  Data: {
    "size": 52,
    "index": 18,
    "remaining": 34
  }
[2026-01-11T18:59:43.233Z] getDeckRemaining called
[2026-01-11T18:59:43.235Z] get_deck_size result
  Data: {
    "hasResult": true,
    "result": "52"
  }
[2026-01-11T18:59:43.237Z] get_top_card_index result
  Data: {
    "hasResult": true,
    "result": "18"
  }
[2026-01-11T18:59:43.237Z] Deck remaining
  Data: {
    "size": 52,
    "index": 18,
    "remaining": 34
  }
[2026-01-11T18:59:43.407Z] getDeckRemaining called
[2026-01-11T18:59:43.410Z] get_deck_size result
  Data: {
    "hasResult": true,
    "result": "52"
  }
[2026-01-11T18:59:43.412Z] get_top_card_index result
  Data: {
    "hasResult": true,
    "result": "18"
  }
[2026-01-11T18:59:43.412Z] Deck remaining
  Data: {
    "size": 52,
    "index": 18,
    "remaining": 34
  }
[2026-01-11T18:59:43.652Z] getDeckRemaining called
[2026-01-11T18:59:43.653Z] get_deck_size result
  Data: {
    "hasResult": true,
    "result": "52"
  }
[2026-01-11T18:59:43.654Z] get_top_card_index result
  Data: {
    "hasResult": true,
    "result": "18"
  }
[2026-01-11T18:59:43.654Z] Deck remaining
  Data: {
    "size": 52,
    "index": 18,
    "remaining": 34
  }
[2026-01-11T18:59:43.904Z] handleAskForCards: contract turn
  Data: {
    "contractTurn": 2,
    "uiTurn": 2
  }
[2026-01-11T18:59:43.927Z] getDeckRemaining called
[2026-01-11T18:59:43.928Z] get_deck_size result
  Data: {
    "hasResult": true,
    "result": "52"
  }
[2026-01-11T18:59:43.928Z] get_top_card_index result
  Data: {
    "hasResult": true,
    "result": "18"
  }
[2026-01-11T18:59:43.929Z] Deck remaining
  Data: {
    "size": 52,
    "index": 18,
    "remaining": 34
  }
[2026-01-11T18:59:44.136Z] prepareTurn: contract says it is player 2's turn
[2026-01-11T18:59:44.137Z] getDeckRemaining called
[2026-01-11T18:59:44.139Z] get_deck_size result
  Data: {
    "hasResult": true,
    "result": "52"
  }
[2026-01-11T18:59:44.141Z] get_top_card_index result
  Data: {
    "hasResult": true,
    "result": "18"
  }
[2026-01-11T18:59:44.141Z] Deck remaining
  Data: {
    "size": 52,
    "index": 18,
    "remaining": 34
  }
[2026-01-11T18:59:44.144Z] getDeckRemaining called
[2026-01-11T18:59:44.146Z] get_deck_size result
  Data: {
    "hasResult": true,
    "result": "52"
  }
[2026-01-11T18:59:44.147Z] get_top_card_index result
  Data: {
    "hasResult": true,
    "result": "18"
  }
[2026-01-11T18:59:44.147Z] Deck remaining
  Data: {
    "size": 52,
    "index": 18,
    "remaining": 34
  }
[2026-01-11T18:59:44.148Z] getDeckRemaining called
[2026-01-11T18:59:44.149Z] get_deck_size result
  Data: {
    "hasResult": true,
    "result": "52"
  }
[2026-01-11T18:59:44.150Z] get_top_card_index result
  Data: {
    "hasResult": true,
    "result": "18"
  }
[2026-01-11T18:59:44.150Z] Deck remaining
  Data: {
    "size": 52,
    "index": 18,
    "remaining": 34
  }
[2026-01-11T18:59:44.151Z] getDeckRemaining called
[2026-01-11T18:59:44.153Z] get_deck_size result
  Data: {
    "hasResult": true,
    "result": "52"
  }
[2026-01-11T18:59:44.154Z] get_top_card_index result
  Data: {
    "hasResult": true,
    "result": "18"
  }
[2026-01-11T18:59:44.154Z] Deck remaining
  Data: {
    "size": 52,
    "index": 18,
    "remaining": 34
  }
[2026-01-11T18:59:44.927Z] getDeckRemaining called
[2026-01-11T18:59:44.928Z] get_deck_size result
  Data: {
    "hasResult": true,
    "result": "52"
  }
[2026-01-11T18:59:44.929Z] get_top_card_index result
  Data: {
    "hasResult": true,
    "result": "18"
  }
[2026-01-11T18:59:44.929Z] Deck remaining
  Data: {
    "size": 52,
    "index": 18,
    "remaining": 34
  }
[2026-01-11T18:59:44.929Z] getDeckRemaining called
[2026-01-11T18:59:44.930Z] get_deck_size result
  Data: {
    "hasResult": true,
    "result": "52"
  }
[2026-01-11T18:59:44.931Z] get_top_card_index result
  Data: {
    "hasResult": true,
    "result": "18"
  }
[2026-01-11T18:59:44.931Z] Deck remaining
  Data: {
    "size": 52,
    "index": 18,
    "remaining": 34
  }
[2026-01-11T18:59:44.934Z] Player 2 going fishing (contract goFish circuit)
[2026-01-11T18:59:44.951Z] Calling afterGoFish with drewRequestedCard=false
[2026-01-11T18:59:44.959Z] getDeckRemaining called
[2026-01-11T18:59:44.960Z] get_deck_size result
  Data: {
    "hasResult": true,
    "result": "52"
  }
[2026-01-11T18:59:44.960Z] get_top_card_index result
  Data: {
    "hasResult": true,
    "result": "19"
  }
[2026-01-11T18:59:44.960Z] Deck remaining
  Data: {
    "size": 52,
    "index": 19,
    "remaining": 33
  }
[2026-01-11T18:59:44.961Z] getDeckRemaining called
[2026-01-11T18:59:44.961Z] get_deck_size result
  Data: {
    "hasResult": true,
    "result": "52"
  }
[2026-01-11T18:59:44.962Z] get_top_card_index result
  Data: {
    "hasResult": true,
    "result": "19"
  }
[2026-01-11T18:59:44.962Z] Deck remaining
  Data: {
    "size": 52,
    "index": 19,
    "remaining": 33
  }
[2026-01-11T18:59:45.164Z] prepareTurn: contract says it is player 1's turn
[2026-01-11T18:59:45.165Z] getDeckRemaining called
[2026-01-11T18:59:45.166Z] get_deck_size result
  Data: {
    "hasResult": true,
    "result": "52"
  }
[2026-01-11T18:59:45.167Z] get_top_card_index result
  Data: {
    "hasResult": true,
    "result": "19"
  }
[2026-01-11T18:59:45.167Z] Deck remaining
  Data: {
    "size": 52,
    "index": 19,
    "remaining": 33
  }
[2026-01-11T18:59:45.168Z] getDeckRemaining called
[2026-01-11T18:59:45.169Z] get_deck_size result
  Data: {
    "hasResult": true,
    "result": "52"
  }
[2026-01-11T18:59:45.170Z] get_top_card_index result
  Data: {
    "hasResult": true,
    "result": "19"
  }
[2026-01-11T18:59:45.170Z] Deck remaining
  Data: {
    "size": 52,
    "index": 19,
    "remaining": 33
  }
[2026-01-11T18:59:45.170Z] getDeckRemaining called
[2026-01-11T18:59:45.171Z] get_deck_size result
  Data: {
    "hasResult": true,
    "result": "52"
  }
[2026-01-11T18:59:45.171Z] get_top_card_index result
  Data: {
    "hasResult": true,
    "result": "19"
  }
[2026-01-11T18:59:45.171Z] Deck remaining
  Data: {
    "size": 52,
    "index": 19,
    "remaining": 33
  }
[2026-01-11T18:59:45.172Z] getDeckRemaining called
[2026-01-11T18:59:45.173Z] get_deck_size result
  Data: {
    "hasResult": true,
    "result": "52"
  }
[2026-01-11T18:59:45.173Z] get_top_card_index result
  Data: {
    "hasResult": true,
    "result": "19"
  }
[2026-01-11T18:59:45.173Z] Deck remaining
  Data: {
    "size": 52,
    "index": 19,
    "remaining": 33
  }
